<?xml version="1.0" encoding="UTF-8"?>
<!-- Generated by org.testng.reporters.JUnitReportReporter -->
<testsuite hostname="DESKTOP-S9ACGAG" failures="0" tests="2" name="rahulshettyacademy.tests.SubmitOrderTest" time="48.550" errors="0" timestamp="2024-05-21T22:07:59 IST" skipped="0">
  <testcase classname="rahulshettyacademy.tests.SubmitOrderTest" name="submitOrder" time="23.357"/>
  <testcase classname="rahulshettyacademy.tests.SubmitOrderTest" name="submitOrder" time="25.193"/>
</testsuite> <!-- rahulshettyacademy.tests.SubmitOrderTest -->
