<?xml version="1.0" encoding="UTF-8"?>
<!-- Generated by org.testng.reporters.JUnitReportReporter -->
<testsuite hostname="DESKTOP-5GJLUVG" failures="0" tests="1" name="rahulshettyacademy.tests.ErrorValidations" time="41.584" errors="0" timestamp="2024-04-15T16:28:45 IST" skipped="0">
  <testcase classname="rahulshettyacademy.tests.ErrorValidations" name="submitOrder" time="41.584"/>
  <system-out/>
</testsuite> <!-- rahulshettyacademy.tests.ErrorValidations -->
