<?xml version="1.0" encoding="UTF-8"?>
<!-- Generated by org.testng.reporters.JUnitReportReporter -->
<testsuite hostname="DESKTOP-S9ACGAG" failures="0" tests="3" name="rahulshettyacademy.tests.SubmitOrderTest" time="62.624" errors="0" timestamp="2024-05-23T15:39:38 IST" skipped="0">
  <testcase classname="rahulshettyacademy.tests.SubmitOrderTest" name="submitOrder" time="20.830"/>
  <testcase classname="rahulshettyacademy.tests.SubmitOrderTest" name="OrderHistoryTest" time="9.639"/>
  <testcase classname="rahulshettyacademy.tests.SubmitOrderTest" name="submitOrder" time="32.155"/>
</testsuite> <!-- rahulshettyacademy.tests.SubmitOrderTest -->
