<?xml version="1.0" encoding="UTF-8"?>
<!-- Generated by org.testng.reporters.JUnitReportReporter -->
<testsuite hostname="DESKTOP-S9ACGAG" failures="0" tests="2" name="rahulshettyacademy.tests.SubmitOrderTest" time="52.532" errors="0" timestamp="2024-05-22T14:43:42 IST" skipped="0">
  <testcase classname="rahulshettyacademy.tests.SubmitOrderTest" name="submitOrder" time="27.335"/>
  <testcase classname="rahulshettyacademy.tests.SubmitOrderTest" name="submitOrder" time="25.197"/>
</testsuite> <!-- rahulshettyacademy.tests.SubmitOrderTest -->
